<?xml version="1.0" encoding="UTF-8"?>
<testsuite name="startaideia.ToolIntegrationTest" tests="3" skipped="0" failures="0" errors="0" timestamp="2021-06-11T17:20:56" hostname="DESKTOP-UNU9LPI" time="0.779">
  <properties/>
  <testcase name="toolsApiShouldListByTagAndReturn200WithOneTool" classname="startaideia.ToolIntegrationTest" time="0.753"/>
  <testcase name="toolsApiShouldListAllAndReturn200" classname="startaideia.ToolIntegrationTest" time="0.013"/>
  <testcase name="toolsApiShouldListByTagAndReturn200WithNoTool" classname="startaideia.ToolIntegrationTest" time="0.011"/>
  <system-out><![CDATA[14:20:53.157 [Test worker] DEBUG org.springframework.test.context.junit4.SpringJUnit4ClassRunner - SpringJUnit4ClassRunner constructor called with [class startaideia.ToolIntegrationTest]
14:20:53.170 [Test worker] DEBUG org.springframework.test.context.BootstrapUtils - Instantiating CacheAwareContextLoaderDelegate from class [org.springframework.test.context.cache.DefaultCacheAwareContextLoaderDelegate]
14:20:53.180 [Test worker] DEBUG org.springframework.test.context.BootstrapUtils - Instantiating BootstrapContext using constructor [public org.springframework.test.context.support.DefaultBootstrapContext(java.lang.Class,org.springframework.test.context.CacheAwareContextLoaderDelegate)]
14:20:53.221 [Test worker] DEBUG org.springframework.test.context.BootstrapUtils - Instantiating TestContextBootstrapper for test class [startaideia.ToolIntegrationTest] from class [org.springframework.boot.test.context.SpringBootTestContextBootstrapper]
14:20:53.234 [Test worker] INFO org.springframework.boot.test.context.SpringBootTestContextBootstrapper - Neither @ContextConfiguration nor @ContextHierarchy found for test class [startaideia.ToolIntegrationTest], using SpringBootContextLoader
14:20:53.239 [Test worker] DEBUG org.springframework.test.context.support.AbstractContextLoader - Did not detect default resource location for test class [startaideia.ToolIntegrationTest]: class path resource [startaideia/ToolIntegrationTest-context.xml] does not exist
14:20:53.239 [Test worker] DEBUG org.springframework.test.context.support.AbstractContextLoader - Did not detect default resource location for test class [startaideia.ToolIntegrationTest]: class path resource [startaideia/ToolIntegrationTestContext.groovy] does not exist
14:20:53.239 [Test worker] INFO org.springframework.test.context.support.AbstractContextLoader - Could not detect default resource locations for test class [startaideia.ToolIntegrationTest]: no resource found for suffixes {-context.xml, Context.groovy}.
14:20:53.301 [Test worker] DEBUG org.springframework.test.context.support.ActiveProfilesUtils - Could not find an 'annotation declaring class' for annotation type [org.springframework.test.context.ActiveProfiles] and class [startaideia.ToolIntegrationTest]
14:20:53.434 [Test worker] DEBUG org.springframework.boot.test.context.SpringBootTestContextBootstrapper - @TestExecutionListeners is not present for class [startaideia.ToolIntegrationTest]: using defaults.
14:20:53.436 [Test worker] INFO org.springframework.boot.test.context.SpringBootTestContextBootstrapper - Loaded default TestExecutionListener class names from location [META-INF/spring.factories]: [org.springframework.boot.test.autoconfigure.restdocs.RestDocsTestExecutionListener, org.springframework.boot.test.autoconfigure.web.client.MockRestServiceServerResetTestExecutionListener, org.springframework.boot.test.autoconfigure.web.servlet.MockMvcPrintOnlyOnFailureTestExecutionListener, org.springframework.boot.test.autoconfigure.web.servlet.WebDriverTestExecutionListener, org.springframework.boot.test.autoconfigure.webservices.client.MockWebServiceServerTestExecutionListener, org.springframework.boot.test.mock.mockito.MockitoTestExecutionListener, org.springframework.boot.test.mock.mockito.ResetMocksTestExecutionListener, org.springframework.test.context.web.ServletTestExecutionListener, org.springframework.test.context.support.DirtiesContextBeforeModesTestExecutionListener, org.springframework.test.context.event.ApplicationEventsTestExecutionListener, org.springframework.test.context.support.DependencyInjectionTestExecutionListener, org.springframework.test.context.support.DirtiesContextTestExecutionListener, org.springframework.test.context.transaction.TransactionalTestExecutionListener, org.springframework.test.context.jdbc.SqlScriptsTestExecutionListener, org.springframework.test.context.event.EventPublishingTestExecutionListener]
14:20:53.461 [Test worker] INFO org.springframework.boot.test.context.SpringBootTestContextBootstrapper - Using TestExecutionListeners: [org.springframework.test.context.web.ServletTestExecutionListener@7cec6ca8, org.springframework.test.context.support.DirtiesContextBeforeModesTestExecutionListener@5cbb2897, org.springframework.test.context.event.ApplicationEventsTestExecutionListener@4790a179, org.springframework.boot.test.mock.mockito.MockitoTestExecutionListener@3e73cbb0, org.springframework.boot.test.autoconfigure.SpringBootDependencyInjectionTestExecutionListener@21e579fa, org.springframework.test.context.support.DirtiesContextTestExecutionListener@249f02c1, org.springframework.test.context.transaction.TransactionalTestExecutionListener@66c6f442, org.springframework.test.context.jdbc.SqlScriptsTestExecutionListener@46c88d61, org.springframework.test.context.event.EventPublishingTestExecutionListener@4c6816eb, org.springframework.boot.test.autoconfigure.restdocs.RestDocsTestExecutionListener@103d9cad, org.springframework.boot.test.autoconfigure.web.client.MockRestServiceServerResetTestExecutionListener@41880e0c, org.springframework.boot.test.autoconfigure.web.servlet.MockMvcPrintOnlyOnFailureTestExecutionListener@43a920d9, org.springframework.boot.test.autoconfigure.web.servlet.WebDriverTestExecutionListener@4f7aa909, org.springframework.boot.test.autoconfigure.webservices.client.MockWebServiceServerTestExecutionListener@33de9cbf, org.springframework.boot.test.mock.mockito.ResetMocksTestExecutionListener@32271ca6]
14:20:53.465 [Test worker] DEBUG org.springframework.test.annotation.ProfileValueUtils - Retrieved @ProfileValueSourceConfiguration [null] for test class [startaideia.ToolIntegrationTest]
14:20:53.466 [Test worker] DEBUG org.springframework.test.annotation.ProfileValueUtils - Retrieved ProfileValueSource type [class org.springframework.test.annotation.SystemProfileValueSource] for class [startaideia.ToolIntegrationTest]
14:20:53.468 [Test worker] DEBUG org.springframework.test.annotation.ProfileValueUtils - Retrieved @ProfileValueSourceConfiguration [null] for test class [startaideia.ToolIntegrationTest]
14:20:53.468 [Test worker] DEBUG org.springframework.test.annotation.ProfileValueUtils - Retrieved ProfileValueSource type [class org.springframework.test.annotation.SystemProfileValueSource] for class [startaideia.ToolIntegrationTest]
14:20:53.469 [Test worker] DEBUG org.springframework.test.annotation.ProfileValueUtils - Retrieved @ProfileValueSourceConfiguration [null] for test class [startaideia.ToolIntegrationTest]
14:20:53.469 [Test worker] DEBUG org.springframework.test.annotation.ProfileValueUtils - Retrieved ProfileValueSource type [class org.springframework.test.annotation.SystemProfileValueSource] for class [startaideia.ToolIntegrationTest]
14:20:53.470 [Test worker] DEBUG org.springframework.test.annotation.ProfileValueUtils - Retrieved @ProfileValueSourceConfiguration [null] for test class [startaideia.ToolIntegrationTest]
14:20:53.470 [Test worker] DEBUG org.springframework.test.annotation.ProfileValueUtils - Retrieved ProfileValueSource type [class org.springframework.test.annotation.SystemProfileValueSource] for class [startaideia.ToolIntegrationTest]
14:20:53.477 [Test worker] DEBUG org.springframework.test.context.support.AbstractDirtiesContextTestExecutionListener - Before test class: context [DefaultTestContext@58bf32e0 testClass = ToolIntegrationTest, testInstance = [null], testMethod = [null], testException = [null], mergedContextConfiguration = [WebMergedContextConfiguration@5ce25399 testClass = ToolIntegrationTest, locations = '{}', classes = '{class startaideia.VuttrApplication}', contextInitializerClasses = '[]', activeProfiles = '{}', propertySourceLocations = '{}', propertySourceProperties = '{org.springframework.boot.test.context.SpringBootTestContextBootstrapper=true}', contextCustomizers = set[org.springframework.boot.test.autoconfigure.actuate.metrics.MetricsExportContextCustomizerFactory$DisableMetricExportContextCustomizer@53fc9b0f, org.springframework.boot.test.autoconfigure.properties.PropertyMappingContextCustomizer@0, org.springframework.boot.test.autoconfigure.web.servlet.WebDriverContextCustomizerFactory$Customizer@7fd6758d, org.springframework.boot.test.context.filter.ExcludeFilterContextCustomizer@405591f7, org.springframework.boot.test.json.DuplicateJsonObjectContextCustomizerFactory$DuplicateJsonObjectContextCustomizer@543c57c6, org.springframework.boot.test.mock.mockito.MockitoContextCustomizer@0, org.springframework.boot.test.web.client.TestRestTemplateContextCustomizer@431bf41f, org.springframework.test.context.web.socket.MockServerContainerContextCustomizer@fdeb2fa, org.springframework.boot.test.context.SpringBootTestArgs@1, org.springframework.boot.test.context.SpringBootTestWebEnvironment@18585aa9], resourceBasePath = 'src/main/webapp', contextLoader = 'org.springframework.boot.test.context.SpringBootContextLoader', parent = [null]], attributes = map['org.springframework.test.context.web.ServletTestExecutionListener.activateListener' -> true]], class annotated with @DirtiesContext [false] with mode [null].
14:20:53.480 [Test worker] DEBUG org.springframework.test.annotation.ProfileValueUtils - Retrieved @ProfileValueSourceConfiguration [null] for test class [startaideia.ToolIntegrationTest]
14:20:53.481 [Test worker] DEBUG org.springframework.test.annotation.ProfileValueUtils - Retrieved ProfileValueSource type [class org.springframework.test.annotation.SystemProfileValueSource] for class [startaideia.ToolIntegrationTest]
14:20:53.510 [Test worker] DEBUG org.springframework.test.context.support.TestPropertySourceUtils - Adding inlined properties to environment: {spring.jmx.enabled=false, org.springframework.boot.test.context.SpringBootTestContextBootstrapper=true}

  .   ____          _            __ _ _
 /\\ / ___'_ __ _ _(_)_ __  __ _ \ \ \ \
( ( )\___ | '_ | '_| | '_ \/ _` | \ \ \ \
 \\/  ___)| |_)| | | | | || (_| |  ) ) ) )
  '  |____| .__|_| |_|_| |_\__, | / / / /
 =========|_|==============|___/=/_/_/_/
 :: Spring Boot ::                (v2.4.2)

2021-06-11 14:20:53.961  INFO 17856 --- [    Test worker] startaideia.ToolIntegrationTest          : Starting ToolIntegrationTest using Java 11.0.5 on DESKTOP-UNU9LPI with PID 17856 (started by a in C:\Users\a\Downloads\students-notes)
2021-06-11 14:20:53.963  INFO 17856 --- [    Test worker] startaideia.ToolIntegrationTest          : No active profile set, falling back to default profiles: default
2021-06-11 14:20:54.589  INFO 17856 --- [    Test worker] .s.d.r.c.RepositoryConfigurationDelegate : Bootstrapping Spring Data MongoDB repositories in DEFAULT mode.
2021-06-11 14:20:54.638  INFO 17856 --- [    Test worker] .s.d.r.c.RepositoryConfigurationDelegate : Finished Spring Data repository scanning in 44 ms. Found 1 MongoDB repository interfaces.
2021-06-11 14:20:55.005  INFO 17856 --- [    Test worker] org.mongodb.driver.cluster               : Cluster created with settings {hosts=[localhost:27017], mode=SINGLE, requiredClusterType=UNKNOWN, serverSelectionTimeout='30000 ms'}
2021-06-11 14:20:55.078  INFO 17856 --- [localhost:27017] org.mongodb.driver.connection            : Opened connection [connectionId{localValue:2, serverValue:92}] to localhost:27017
2021-06-11 14:20:55.078  INFO 17856 --- [localhost:27017] org.mongodb.driver.connection            : Opened connection [connectionId{localValue:1, serverValue:91}] to localhost:27017
2021-06-11 14:20:55.079  INFO 17856 --- [localhost:27017] org.mongodb.driver.cluster               : Monitor thread successfully connected to server with description ServerDescription{address=localhost:27017, type=STANDALONE, state=CONNECTED, ok=true, minWireVersion=0, maxWireVersion=8, maxDocumentSize=16777216, logicalSessionTimeoutMinutes=30, roundTripTimeNanos=20488400}
2021-06-11 14:20:55.763  INFO 17856 --- [    Test worker] o.s.s.concurrent.ThreadPoolTaskExecutor  : Initializing ExecutorService 'applicationTaskExecutor'
2021-06-11 14:20:56.583  INFO 17856 --- [    Test worker] startaideia.ToolIntegrationTest          : Started ToolIntegrationTest in 3.062 seconds (JVM running for 7.898)
2021-06-11 14:20:57.040  INFO 17856 --- [    Test worker] o.s.b.t.m.w.SpringBootMockServletContext : Initializing Spring TestDispatcherServlet ''
2021-06-11 14:20:57.040  INFO 17856 --- [    Test worker] o.s.t.web.servlet.TestDispatcherServlet  : Initializing Servlet ''
2021-06-11 14:20:57.041  INFO 17856 --- [    Test worker] o.s.t.web.servlet.TestDispatcherServlet  : Completed initialization in 1 ms
2021-06-11 14:20:57.231  INFO 17856 --- [    Test worker] org.mongodb.driver.connection            : Opened connection [connectionId{localValue:3, serverValue:93}] to localhost:27017
2021-06-11 14:20:57.361  INFO 17856 --- [    Test worker] o.s.b.t.m.w.SpringBootMockServletContext : Initializing Spring TestDispatcherServlet ''
2021-06-11 14:20:57.361  INFO 17856 --- [    Test worker] o.s.t.web.servlet.TestDispatcherServlet  : Initializing Servlet ''
2021-06-11 14:20:57.362  INFO 17856 --- [    Test worker] o.s.t.web.servlet.TestDispatcherServlet  : Completed initialization in 1 ms
2021-06-11 14:20:57.374  INFO 17856 --- [    Test worker] o.s.b.t.m.w.SpringBootMockServletContext : Initializing Spring TestDispatcherServlet ''
2021-06-11 14:20:57.374  INFO 17856 --- [    Test worker] o.s.t.web.servlet.TestDispatcherServlet  : Initializing Servlet ''
2021-06-11 14:20:57.374  INFO 17856 --- [    Test worker] o.s.t.web.servlet.TestDispatcherServlet  : Completed initialization in 0 ms
]]></system-out>
  <system-err><![CDATA[]]></system-err>
</testsuite>
