<?xml version="1.0" encoding="UTF-8"?>
<testsuite name="startaideia.ToolServiceTest" tests="4" skipped="0" failures="0" errors="0" timestamp="2021-06-11T17:20:57" hostname="DESKTOP-UNU9LPI" time="0.173">
  <properties/>
  <testcase name="toolServiceShouldlistToolsByTag" classname="startaideia.ToolServiceTest" time="0.168"/>
  <testcase name="toolServiceShouldInsertTool" classname="startaideia.ToolServiceTest" time="0.003"/>
  <testcase name="toolServiceShouldlistTools" classname="startaideia.ToolServiceTest" time="0.001"/>
  <testcase name="toolServiceShouldDeleteTool" classname="startaideia.ToolServiceTest" time="0.0"/>
  <system-out><![CDATA[]]></system-out>
  <system-err><![CDATA[]]></system-err>
</testsuite>
