<?xml version="1.0" encoding="UTF-8"?>
<testsuite name="startaideia.ToolIntegrationTest" tests="3" skipped="0" failures="0" errors="0" timestamp="2021-06-11T13:39:28" hostname="DESKTOP-UNU9LPI" time="0.579">
  <properties/>
  <testcase name="toolsApiShouldListByTagAndReturn200WithOneTool" classname="startaideia.ToolIntegrationTest" time="0.559"/>
  <testcase name="toolsApiShouldListAllAndReturn200" classname="startaideia.ToolIntegrationTest" time="0.011"/>
  <testcase name="toolsApiShouldListByTagAndReturn200WithNoTool" classname="startaideia.ToolIntegrationTest" time="0.009"/>
  <system-out><![CDATA[10:39:26.250 [Test worker] DEBUG org.springframework.test.context.junit4.SpringJUnit4ClassRunner - SpringJUnit4ClassRunner constructor called with [class startaideia.ToolIntegrationTest]
10:39:26.258 [Test worker] DEBUG org.springframework.test.context.BootstrapUtils - Instantiating CacheAwareContextLoaderDelegate from class [org.springframework.test.context.cache.DefaultCacheAwareContextLoaderDelegate]
10:39:26.268 [Test worker] DEBUG org.springframework.test.context.BootstrapUtils - Instantiating BootstrapContext using constructor [public org.springframework.test.context.support.DefaultBootstrapContext(java.lang.Class,org.springframework.test.context.CacheAwareContextLoaderDelegate)]
10:39:26.308 [Test worker] DEBUG org.springframework.test.context.BootstrapUtils - Instantiating TestContextBootstrapper for test class [startaideia.ToolIntegrationTest] from class [org.springframework.boot.test.context.SpringBootTestContextBootstrapper]
10:39:26.316 [Test worker] INFO org.springframework.boot.test.context.SpringBootTestContextBootstrapper - Neither @ContextConfiguration nor @ContextHierarchy found for test class [startaideia.ToolIntegrationTest], using SpringBootContextLoader
10:39:26.320 [Test worker] DEBUG org.springframework.test.context.support.AbstractContextLoader - Did not detect default resource location for test class [startaideia.ToolIntegrationTest]: class path resource [startaideia/ToolIntegrationTest-context.xml] does not exist
10:39:26.321 [Test worker] DEBUG org.springframework.test.context.support.AbstractContextLoader - Did not detect default resource location for test class [startaideia.ToolIntegrationTest]: class path resource [startaideia/ToolIntegrationTestContext.groovy] does not exist
10:39:26.321 [Test worker] INFO org.springframework.test.context.support.AbstractContextLoader - Could not detect default resource locations for test class [startaideia.ToolIntegrationTest]: no resource found for suffixes {-context.xml, Context.groovy}.
10:39:26.372 [Test worker] DEBUG org.springframework.test.context.support.ActiveProfilesUtils - Could not find an 'annotation declaring class' for annotation type [org.springframework.test.context.ActiveProfiles] and class [startaideia.ToolIntegrationTest]
10:39:26.487 [Test worker] DEBUG org.springframework.boot.test.context.SpringBootTestContextBootstrapper - @TestExecutionListeners is not present for class [startaideia.ToolIntegrationTest]: using defaults.
10:39:26.487 [Test worker] INFO org.springframework.boot.test.context.SpringBootTestContextBootstrapper - Loaded default TestExecutionListener class names from location [META-INF/spring.factories]: [org.springframework.boot.test.autoconfigure.restdocs.RestDocsTestExecutionListener, org.springframework.boot.test.autoconfigure.web.client.MockRestServiceServerResetTestExecutionListener, org.springframework.boot.test.autoconfigure.web.servlet.MockMvcPrintOnlyOnFailureTestExecutionListener, org.springframework.boot.test.autoconfigure.web.servlet.WebDriverTestExecutionListener, org.springframework.boot.test.autoconfigure.webservices.client.MockWebServiceServerTestExecutionListener, org.springframework.boot.test.mock.mockito.MockitoTestExecutionListener, org.springframework.boot.test.mock.mockito.ResetMocksTestExecutionListener, org.springframework.test.context.web.ServletTestExecutionListener, org.springframework.test.context.support.DirtiesContextBeforeModesTestExecutionListener, org.springframework.test.context.event.ApplicationEventsTestExecutionListener, org.springframework.test.context.support.DependencyInjectionTestExecutionListener, org.springframework.test.context.support.DirtiesContextTestExecutionListener, org.springframework.test.context.transaction.TransactionalTestExecutionListener, org.springframework.test.context.jdbc.SqlScriptsTestExecutionListener, org.springframework.test.context.event.EventPublishingTestExecutionListener]
10:39:26.504 [Test worker] INFO org.springframework.boot.test.context.SpringBootTestContextBootstrapper - Using TestExecutionListeners: [org.springframework.test.context.web.ServletTestExecutionListener@74ebb547, org.springframework.test.context.support.DirtiesContextBeforeModesTestExecutionListener@385fddc0, org.springframework.test.context.event.ApplicationEventsTestExecutionListener@13b02704, org.springframework.boot.test.mock.mockito.MockitoTestExecutionListener@4fc44aaf, org.springframework.boot.test.autoconfigure.SpringBootDependencyInjectionTestExecutionListener@66ac9f9d, org.springframework.test.context.support.DirtiesContextTestExecutionListener@205bef55, org.springframework.test.context.transaction.TransactionalTestExecutionListener@32c1745d, org.springframework.test.context.jdbc.SqlScriptsTestExecutionListener@5fbdc198, org.springframework.test.context.event.EventPublishingTestExecutionListener@5d6fed85, org.springframework.boot.test.autoconfigure.restdocs.RestDocsTestExecutionListener@2231903a, org.springframework.boot.test.autoconfigure.web.client.MockRestServiceServerResetTestExecutionListener@1beb7bbd, org.springframework.boot.test.autoconfigure.web.servlet.MockMvcPrintOnlyOnFailureTestExecutionListener@2aebc859, org.springframework.boot.test.autoconfigure.web.servlet.WebDriverTestExecutionListener@84a1b44, org.springframework.boot.test.autoconfigure.webservices.client.MockWebServiceServerTestExecutionListener@26d4ea37, org.springframework.boot.test.mock.mockito.ResetMocksTestExecutionListener@66a24bc3]
10:39:26.505 [Test worker] DEBUG org.springframework.test.annotation.ProfileValueUtils - Retrieved @ProfileValueSourceConfiguration [null] for test class [startaideia.ToolIntegrationTest]
10:39:26.506 [Test worker] DEBUG org.springframework.test.annotation.ProfileValueUtils - Retrieved ProfileValueSource type [class org.springframework.test.annotation.SystemProfileValueSource] for class [startaideia.ToolIntegrationTest]
10:39:26.508 [Test worker] DEBUG org.springframework.test.annotation.ProfileValueUtils - Retrieved @ProfileValueSourceConfiguration [null] for test class [startaideia.ToolIntegrationTest]
10:39:26.508 [Test worker] DEBUG org.springframework.test.annotation.ProfileValueUtils - Retrieved ProfileValueSource type [class org.springframework.test.annotation.SystemProfileValueSource] for class [startaideia.ToolIntegrationTest]
10:39:26.510 [Test worker] DEBUG org.springframework.test.annotation.ProfileValueUtils - Retrieved @ProfileValueSourceConfiguration [null] for test class [startaideia.ToolIntegrationTest]
10:39:26.511 [Test worker] DEBUG org.springframework.test.annotation.ProfileValueUtils - Retrieved ProfileValueSource type [class org.springframework.test.annotation.SystemProfileValueSource] for class [startaideia.ToolIntegrationTest]
10:39:26.512 [Test worker] DEBUG org.springframework.test.annotation.ProfileValueUtils - Retrieved @ProfileValueSourceConfiguration [null] for test class [startaideia.ToolIntegrationTest]
10:39:26.512 [Test worker] DEBUG org.springframework.test.annotation.ProfileValueUtils - Retrieved ProfileValueSource type [class org.springframework.test.annotation.SystemProfileValueSource] for class [startaideia.ToolIntegrationTest]
10:39:26.513 [Test worker] DEBUG org.springframework.test.annotation.ProfileValueUtils - Retrieved @ProfileValueSourceConfiguration [null] for test class [startaideia.ToolIntegrationTest]
10:39:26.513 [Test worker] DEBUG org.springframework.test.annotation.ProfileValueUtils - Retrieved ProfileValueSource type [class org.springframework.test.annotation.SystemProfileValueSource] for class [startaideia.ToolIntegrationTest]
10:39:26.518 [Test worker] DEBUG org.springframework.test.context.support.AbstractDirtiesContextTestExecutionListener - Before test class: context [DefaultTestContext@41d9130d testClass = ToolIntegrationTest, testInstance = [null], testMethod = [null], testException = [null], mergedContextConfiguration = [WebMergedContextConfiguration@77de77c testClass = ToolIntegrationTest, locations = '{}', classes = '{class startaideia.VuttrApplication}', contextInitializerClasses = '[]', activeProfiles = '{}', propertySourceLocations = '{}', propertySourceProperties = '{org.springframework.boot.test.context.SpringBootTestContextBootstrapper=true}', contextCustomizers = set[org.springframework.boot.test.autoconfigure.actuate.metrics.MetricsExportContextCustomizerFactory$DisableMetricExportContextCustomizer@89a5f5a, org.springframework.boot.test.autoconfigure.properties.PropertyMappingContextCustomizer@0, org.springframework.boot.test.autoconfigure.web.servlet.WebDriverContextCustomizerFactory$Customizer@6eabf4eb, org.springframework.boot.test.context.filter.ExcludeFilterContextCustomizer@1faf0ec7, org.springframework.boot.test.json.DuplicateJsonObjectContextCustomizerFactory$DuplicateJsonObjectContextCustomizer@10f657bd, org.springframework.boot.test.mock.mockito.MockitoContextCustomizer@0, org.springframework.boot.test.web.client.TestRestTemplateContextCustomizer@11808c11, org.springframework.test.context.web.socket.MockServerContainerContextCustomizer@4a18a0ab, org.springframework.boot.test.context.SpringBootTestArgs@1, org.springframework.boot.test.context.SpringBootTestWebEnvironment@24ec18de], resourceBasePath = 'src/main/webapp', contextLoader = 'org.springframework.boot.test.context.SpringBootContextLoader', parent = [null]], attributes = map['org.springframework.test.context.web.ServletTestExecutionListener.activateListener' -> true]], class annotated with @DirtiesContext [false] with mode [null].
10:39:26.519 [Test worker] DEBUG org.springframework.test.annotation.ProfileValueUtils - Retrieved @ProfileValueSourceConfiguration [null] for test class [startaideia.ToolIntegrationTest]
10:39:26.520 [Test worker] DEBUG org.springframework.test.annotation.ProfileValueUtils - Retrieved ProfileValueSource type [class org.springframework.test.annotation.SystemProfileValueSource] for class [startaideia.ToolIntegrationTest]
10:39:26.546 [Test worker] DEBUG org.springframework.test.context.support.TestPropertySourceUtils - Adding inlined properties to environment: {spring.jmx.enabled=false, org.springframework.boot.test.context.SpringBootTestContextBootstrapper=true}

  .   ____          _            __ _ _
 /\\ / ___'_ __ _ _(_)_ __  __ _ \ \ \ \
( ( )\___ | '_ | '_| | '_ \/ _` | \ \ \ \
 \\/  ___)| |_)| | | | | || (_| |  ) ) ) )
  '  |____| .__|_| |_|_| |_\__, | / / / /
 =========|_|==============|___/=/_/_/_/
 :: Spring Boot ::                (v2.4.2)

2021-06-11 10:39:26.851  INFO 3728 --- [    Test worker] startaideia.ToolIntegrationTest          : Starting ToolIntegrationTest using Java 11.0.5 on DESKTOP-UNU9LPI with PID 3728 (started by a in C:\Users\a\Downloads\students-notes)
2021-06-11 10:39:26.854  INFO 3728 --- [    Test worker] startaideia.ToolIntegrationTest          : No active profile set, falling back to default profiles: default
2021-06-11 10:39:27.353  INFO 3728 --- [    Test worker] .s.d.r.c.RepositoryConfigurationDelegate : Bootstrapping Spring Data MongoDB repositories in DEFAULT mode.
2021-06-11 10:39:27.398  INFO 3728 --- [    Test worker] .s.d.r.c.RepositoryConfigurationDelegate : Finished Spring Data repository scanning in 41 ms. Found 1 MongoDB repository interfaces.
2021-06-11 10:39:27.768  INFO 3728 --- [    Test worker] org.mongodb.driver.cluster               : Cluster created with settings {hosts=[localhost:27017], mode=SINGLE, requiredClusterType=UNKNOWN, serverSelectionTimeout='30000 ms'}
2021-06-11 10:39:27.827  INFO 3728 --- [localhost:27017] org.mongodb.driver.connection            : Opened connection [connectionId{localValue:1, serverValue:61}] to localhost:27017
2021-06-11 10:39:27.827  INFO 3728 --- [localhost:27017] org.mongodb.driver.connection            : Opened connection [connectionId{localValue:2, serverValue:60}] to localhost:27017
2021-06-11 10:39:27.828  INFO 3728 --- [localhost:27017] org.mongodb.driver.cluster               : Monitor thread successfully connected to server with description ServerDescription{address=localhost:27017, type=STANDALONE, state=CONNECTED, ok=true, minWireVersion=0, maxWireVersion=8, maxDocumentSize=16777216, logicalSessionTimeoutMinutes=30, roundTripTimeNanos=19186900}
2021-06-11 10:39:28.386  INFO 3728 --- [    Test worker] o.s.s.concurrent.ThreadPoolTaskExecutor  : Initializing ExecutorService 'applicationTaskExecutor'
2021-06-11 10:39:28.665  INFO 3728 --- [    Test worker] startaideia.ToolIntegrationTest          : Started ToolIntegrationTest in 2.111 seconds (JVM running for 3.139)
2021-06-11 10:39:28.978  INFO 3728 --- [    Test worker] o.s.b.t.m.w.SpringBootMockServletContext : Initializing Spring TestDispatcherServlet ''
2021-06-11 10:39:28.978  INFO 3728 --- [    Test worker] o.s.t.web.servlet.TestDispatcherServlet  : Initializing Servlet ''
2021-06-11 10:39:28.979  INFO 3728 --- [    Test worker] o.s.t.web.servlet.TestDispatcherServlet  : Completed initialization in 1 ms
2021-06-11 10:39:29.143  INFO 3728 --- [    Test worker] org.mongodb.driver.connection            : Opened connection [connectionId{localValue:3, serverValue:62}] to localhost:27017
2021-06-11 10:39:29.247  INFO 3728 --- [    Test worker] o.s.b.t.m.w.SpringBootMockServletContext : Initializing Spring TestDispatcherServlet ''
2021-06-11 10:39:29.247  INFO 3728 --- [    Test worker] o.s.t.web.servlet.TestDispatcherServlet  : Initializing Servlet ''
2021-06-11 10:39:29.248  INFO 3728 --- [    Test worker] o.s.t.web.servlet.TestDispatcherServlet  : Completed initialization in 0 ms
2021-06-11 10:39:29.258  INFO 3728 --- [    Test worker] o.s.b.t.m.w.SpringBootMockServletContext : Initializing Spring TestDispatcherServlet ''
2021-06-11 10:39:29.258  INFO 3728 --- [    Test worker] o.s.t.web.servlet.TestDispatcherServlet  : Initializing Servlet ''
2021-06-11 10:39:29.258  INFO 3728 --- [    Test worker] o.s.t.web.servlet.TestDispatcherServlet  : Completed initialization in 0 ms
]]></system-out>
  <system-err><![CDATA[]]></system-err>
</testsuite>
