<?xml version="1.0" encoding="UTF-8"?>
<testsuite name="startaideia.ToolIntegrationTest" tests="3" skipped="0" failures="0" errors="0" timestamp="2021-06-11T16:43:34" hostname="DESKTOP-UNU9LPI" time="1.669">
  <properties/>
  <testcase name="toolsApiShouldListByTagAndReturn200WithOneTool" classname="startaideia.ToolIntegrationTest" time="1.649"/>
  <testcase name="toolsApiShouldListAllAndReturn200" classname="startaideia.ToolIntegrationTest" time="0.01"/>
  <testcase name="toolsApiShouldListByTagAndReturn200WithNoTool" classname="startaideia.ToolIntegrationTest" time="0.009"/>
  <system-out><![CDATA[13:43:24.073 [Test worker] DEBUG org.springframework.test.context.junit4.SpringJUnit4ClassRunner - SpringJUnit4ClassRunner constructor called with [class startaideia.ToolIntegrationTest]
13:43:24.085 [Test worker] DEBUG org.springframework.test.context.BootstrapUtils - Instantiating CacheAwareContextLoaderDelegate from class [org.springframework.test.context.cache.DefaultCacheAwareContextLoaderDelegate]
13:43:24.096 [Test worker] DEBUG org.springframework.test.context.BootstrapUtils - Instantiating BootstrapContext using constructor [public org.springframework.test.context.support.DefaultBootstrapContext(java.lang.Class,org.springframework.test.context.CacheAwareContextLoaderDelegate)]
13:43:24.208 [Test worker] DEBUG org.springframework.test.context.BootstrapUtils - Instantiating TestContextBootstrapper for test class [startaideia.ToolIntegrationTest] from class [org.springframework.boot.test.context.SpringBootTestContextBootstrapper]
13:43:24.312 [Test worker] INFO org.springframework.boot.test.context.SpringBootTestContextBootstrapper - Neither @ContextConfiguration nor @ContextHierarchy found for test class [startaideia.ToolIntegrationTest], using SpringBootContextLoader
13:43:24.464 [Test worker] DEBUG org.springframework.test.context.support.AbstractContextLoader - Did not detect default resource location for test class [startaideia.ToolIntegrationTest]: class path resource [startaideia/ToolIntegrationTest-context.xml] does not exist
13:43:24.466 [Test worker] DEBUG org.springframework.test.context.support.AbstractContextLoader - Did not detect default resource location for test class [startaideia.ToolIntegrationTest]: class path resource [startaideia/ToolIntegrationTestContext.groovy] does not exist
13:43:24.467 [Test worker] INFO org.springframework.test.context.support.AbstractContextLoader - Could not detect default resource locations for test class [startaideia.ToolIntegrationTest]: no resource found for suffixes {-context.xml, Context.groovy}.
13:43:25.589 [Test worker] DEBUG org.springframework.test.context.support.ActiveProfilesUtils - Could not find an 'annotation declaring class' for annotation type [org.springframework.test.context.ActiveProfiles] and class [startaideia.ToolIntegrationTest]
13:43:25.754 [Test worker] DEBUG org.springframework.boot.test.context.SpringBootTestContextBootstrapper - @TestExecutionListeners is not present for class [startaideia.ToolIntegrationTest]: using defaults.
13:43:25.755 [Test worker] INFO org.springframework.boot.test.context.SpringBootTestContextBootstrapper - Loaded default TestExecutionListener class names from location [META-INF/spring.factories]: [org.springframework.boot.test.autoconfigure.restdocs.RestDocsTestExecutionListener, org.springframework.boot.test.autoconfigure.web.client.MockRestServiceServerResetTestExecutionListener, org.springframework.boot.test.autoconfigure.web.servlet.MockMvcPrintOnlyOnFailureTestExecutionListener, org.springframework.boot.test.autoconfigure.web.servlet.WebDriverTestExecutionListener, org.springframework.boot.test.autoconfigure.webservices.client.MockWebServiceServerTestExecutionListener, org.springframework.boot.test.mock.mockito.MockitoTestExecutionListener, org.springframework.boot.test.mock.mockito.ResetMocksTestExecutionListener, org.springframework.test.context.web.ServletTestExecutionListener, org.springframework.test.context.support.DirtiesContextBeforeModesTestExecutionListener, org.springframework.test.context.event.ApplicationEventsTestExecutionListener, org.springframework.test.context.support.DependencyInjectionTestExecutionListener, org.springframework.test.context.support.DirtiesContextTestExecutionListener, org.springframework.test.context.transaction.TransactionalTestExecutionListener, org.springframework.test.context.jdbc.SqlScriptsTestExecutionListener, org.springframework.test.context.event.EventPublishingTestExecutionListener]
13:43:26.183 [Test worker] INFO org.springframework.boot.test.context.SpringBootTestContextBootstrapper - Using TestExecutionListeners: [org.springframework.test.context.web.ServletTestExecutionListener@6342b784, org.springframework.test.context.support.DirtiesContextBeforeModesTestExecutionListener@279b872b, org.springframework.test.context.event.ApplicationEventsTestExecutionListener@296eaced, org.springframework.boot.test.mock.mockito.MockitoTestExecutionListener@4c591f20, org.springframework.boot.test.autoconfigure.SpringBootDependencyInjectionTestExecutionListener@3ad16fb8, org.springframework.test.context.support.DirtiesContextTestExecutionListener@41080516, org.springframework.test.context.transaction.TransactionalTestExecutionListener@1d5dd01e, org.springframework.test.context.jdbc.SqlScriptsTestExecutionListener@19f97c8a, org.springframework.test.context.event.EventPublishingTestExecutionListener@28646ca2, org.springframework.boot.test.autoconfigure.restdocs.RestDocsTestExecutionListener@29c5ec0d, org.springframework.boot.test.autoconfigure.web.client.MockRestServiceServerResetTestExecutionListener@5a6b140b, org.springframework.boot.test.autoconfigure.web.servlet.MockMvcPrintOnlyOnFailureTestExecutionListener@8242ee0, org.springframework.boot.test.autoconfigure.web.servlet.WebDriverTestExecutionListener@3ae523a, org.springframework.boot.test.autoconfigure.webservices.client.MockWebServiceServerTestExecutionListener@50d63c6, org.springframework.boot.test.mock.mockito.ResetMocksTestExecutionListener@7c4f420]
13:43:26.186 [Test worker] DEBUG org.springframework.test.annotation.ProfileValueUtils - Retrieved @ProfileValueSourceConfiguration [null] for test class [startaideia.ToolIntegrationTest]
13:43:26.187 [Test worker] DEBUG org.springframework.test.annotation.ProfileValueUtils - Retrieved ProfileValueSource type [class org.springframework.test.annotation.SystemProfileValueSource] for class [startaideia.ToolIntegrationTest]
13:43:26.189 [Test worker] DEBUG org.springframework.test.annotation.ProfileValueUtils - Retrieved @ProfileValueSourceConfiguration [null] for test class [startaideia.ToolIntegrationTest]
13:43:26.190 [Test worker] DEBUG org.springframework.test.annotation.ProfileValueUtils - Retrieved ProfileValueSource type [class org.springframework.test.annotation.SystemProfileValueSource] for class [startaideia.ToolIntegrationTest]
13:43:26.191 [Test worker] DEBUG org.springframework.test.annotation.ProfileValueUtils - Retrieved @ProfileValueSourceConfiguration [null] for test class [startaideia.ToolIntegrationTest]
13:43:26.191 [Test worker] DEBUG org.springframework.test.annotation.ProfileValueUtils - Retrieved ProfileValueSource type [class org.springframework.test.annotation.SystemProfileValueSource] for class [startaideia.ToolIntegrationTest]
13:43:26.192 [Test worker] DEBUG org.springframework.test.annotation.ProfileValueUtils - Retrieved @ProfileValueSourceConfiguration [null] for test class [startaideia.ToolIntegrationTest]
13:43:26.192 [Test worker] DEBUG org.springframework.test.annotation.ProfileValueUtils - Retrieved ProfileValueSource type [class org.springframework.test.annotation.SystemProfileValueSource] for class [startaideia.ToolIntegrationTest]
13:43:26.349 [Test worker] DEBUG org.springframework.test.context.support.AbstractDirtiesContextTestExecutionListener - Before test class: context [DefaultTestContext@23eeef9a testClass = ToolIntegrationTest, testInstance = [null], testMethod = [null], testException = [null], mergedContextConfiguration = [WebMergedContextConfiguration@4312b012 testClass = ToolIntegrationTest, locations = '{}', classes = '{class startaideia.VuttrApplication}', contextInitializerClasses = '[]', activeProfiles = '{}', propertySourceLocations = '{}', propertySourceProperties = '{org.springframework.boot.test.context.SpringBootTestContextBootstrapper=true}', contextCustomizers = set[org.springframework.boot.test.autoconfigure.actuate.metrics.MetricsExportContextCustomizerFactory$DisableMetricExportContextCustomizer@233e0dd4, org.springframework.boot.test.autoconfigure.properties.PropertyMappingContextCustomizer@0, org.springframework.boot.test.autoconfigure.web.servlet.WebDriverContextCustomizerFactory$Customizer@61f79798, org.springframework.boot.test.context.filter.ExcludeFilterContextCustomizer@70a564ca, org.springframework.boot.test.json.DuplicateJsonObjectContextCustomizerFactory$DuplicateJsonObjectContextCustomizer@29d20ecc, org.springframework.boot.test.mock.mockito.MockitoContextCustomizer@0, org.springframework.boot.test.web.client.TestRestTemplateContextCustomizer@66a08b80, org.springframework.test.context.web.socket.MockServerContainerContextCustomizer@e71cc02, org.springframework.boot.test.context.SpringBootTestArgs@1, org.springframework.boot.test.context.SpringBootTestWebEnvironment@25ffc9b5], resourceBasePath = 'src/main/webapp', contextLoader = 'org.springframework.boot.test.context.SpringBootContextLoader', parent = [null]], attributes = map['org.springframework.test.context.web.ServletTestExecutionListener.activateListener' -> true]], class annotated with @DirtiesContext [false] with mode [null].
13:43:26.436 [Test worker] DEBUG org.springframework.test.annotation.ProfileValueUtils - Retrieved @ProfileValueSourceConfiguration [null] for test class [startaideia.ToolIntegrationTest]
13:43:26.437 [Test worker] DEBUG org.springframework.test.annotation.ProfileValueUtils - Retrieved ProfileValueSource type [class org.springframework.test.annotation.SystemProfileValueSource] for class [startaideia.ToolIntegrationTest]
13:43:26.756 [Test worker] DEBUG org.springframework.test.context.support.TestPropertySourceUtils - Adding inlined properties to environment: {spring.jmx.enabled=false, org.springframework.boot.test.context.SpringBootTestContextBootstrapper=true}

  .   ____          _            __ _ _
 /\\ / ___'_ __ _ _(_)_ __  __ _ \ \ \ \
( ( )\___ | '_ | '_| | '_ \/ _` | \ \ \ \
 \\/  ___)| |_)| | | | | || (_| |  ) ) ) )
  '  |____| .__|_| |_|_| |_\__, | / / / /
 =========|_|==============|___/=/_/_/_/
 :: Spring Boot ::                (v2.4.2)

2021-06-11 13:43:28.269  INFO 16728 --- [    Test worker] startaideia.ToolIntegrationTest          : Starting ToolIntegrationTest using Java 11.0.5 on DESKTOP-UNU9LPI with PID 16728 (started by a in C:\Users\a\Downloads\students-notes)
2021-06-11 13:43:28.271  INFO 16728 --- [    Test worker] startaideia.ToolIntegrationTest          : No active profile set, falling back to default profiles: default
2021-06-11 13:43:31.208  INFO 16728 --- [    Test worker] .s.d.r.c.RepositoryConfigurationDelegate : Bootstrapping Spring Data MongoDB repositories in DEFAULT mode.
2021-06-11 13:43:31.284  INFO 16728 --- [    Test worker] .s.d.r.c.RepositoryConfigurationDelegate : Finished Spring Data repository scanning in 72 ms. Found 1 MongoDB repository interfaces.
2021-06-11 13:43:31.703  INFO 16728 --- [    Test worker] org.mongodb.driver.cluster               : Cluster created with settings {hosts=[localhost:27017], mode=SINGLE, requiredClusterType=UNKNOWN, serverSelectionTimeout='30000 ms'}
2021-06-11 13:43:31.858  INFO 16728 --- [localhost:27017] org.mongodb.driver.connection            : Opened connection [connectionId{localValue:2, serverValue:81}] to localhost:27017
2021-06-11 13:43:31.858  INFO 16728 --- [localhost:27017] org.mongodb.driver.connection            : Opened connection [connectionId{localValue:1, serverValue:82}] to localhost:27017
2021-06-11 13:43:31.860  INFO 16728 --- [localhost:27017] org.mongodb.driver.cluster               : Monitor thread successfully connected to server with description ServerDescription{address=localhost:27017, type=STANDALONE, state=CONNECTED, ok=true, minWireVersion=0, maxWireVersion=8, maxDocumentSize=16777216, logicalSessionTimeoutMinutes=30, roundTripTimeNanos=19576800}
2021-06-11 13:43:33.902  INFO 16728 --- [    Test worker] o.s.s.concurrent.ThreadPoolTaskExecutor  : Initializing ExecutorService 'applicationTaskExecutor'
2021-06-11 13:43:34.732  INFO 16728 --- [    Test worker] startaideia.ToolIntegrationTest          : Started ToolIntegrationTest in 7.706 seconds (JVM running for 16.855)
2021-06-11 13:43:35.690  INFO 16728 --- [    Test worker] o.s.b.t.m.w.SpringBootMockServletContext : Initializing Spring TestDispatcherServlet ''
2021-06-11 13:43:35.690  INFO 16728 --- [    Test worker] o.s.t.web.servlet.TestDispatcherServlet  : Initializing Servlet ''
2021-06-11 13:43:35.691  INFO 16728 --- [    Test worker] o.s.t.web.servlet.TestDispatcherServlet  : Completed initialization in 1 ms
2021-06-11 13:43:36.012  INFO 16728 --- [    Test worker] org.mongodb.driver.connection            : Opened connection [connectionId{localValue:3, serverValue:83}] to localhost:27017
2021-06-11 13:43:36.437  INFO 16728 --- [    Test worker] o.s.b.t.m.w.SpringBootMockServletContext : Initializing Spring TestDispatcherServlet ''
2021-06-11 13:43:36.438  INFO 16728 --- [    Test worker] o.s.t.web.servlet.TestDispatcherServlet  : Initializing Servlet ''
2021-06-11 13:43:36.438  INFO 16728 --- [    Test worker] o.s.t.web.servlet.TestDispatcherServlet  : Completed initialization in 0 ms
2021-06-11 13:43:36.448  INFO 16728 --- [    Test worker] o.s.b.t.m.w.SpringBootMockServletContext : Initializing Spring TestDispatcherServlet ''
2021-06-11 13:43:36.448  INFO 16728 --- [    Test worker] o.s.t.web.servlet.TestDispatcherServlet  : Initializing Servlet ''
2021-06-11 13:43:36.448  INFO 16728 --- [    Test worker] o.s.t.web.servlet.TestDispatcherServlet  : Completed initialization in 0 ms
]]></system-out>
  <system-err><![CDATA[]]></system-err>
</testsuite>
